<?xml version="1.0" encoding="UTF-8"?>
<testsuite xmlns:xsi="http://www.w3.org/2001/XMLSchema-instance" xsi:noNamespaceSchemaLocation="https://maven.apache.org/surefire/maven-surefire-plugin/xsd/surefire-test-report-3.0.xsd" version="3.0" name="taheoport.service.DataHandlerTest" time="0.304" tests="61" errors="0" skipped="0" failures="0">
  <properties>
[...]
</properties>
  <testcase name="degToDmsTest(double, String)[1]" classname="taheoport.service.DataHandlerTest" time="0.047"/>
  <testcase name="degToDmsTest(double, String)[2]" classname="taheoport.service.DataHandlerTest" time="0.001"/>
  <testcase name="degToDmsTest(double, String)[3]" classname="taheoport.service.DataHandlerTest" time="0.001"/>
  <testcase name="degToDmsTest(double, String)[4]" classname="taheoport.service.DataHandlerTest" time="0.001"/>
  <testcase name="degToDmsTest(double, String)[5]" classname="taheoport.service.DataHandlerTest" time="0.001"/>
  <testcase name="degToDmsTest(double, String)[6]" classname="taheoport.service.DataHandlerTest" time="0.001"/>
  <testcase name="degToDmsTest(double, String)[7]" classname="taheoport.service.DataHandlerTest" time="0.001"/>
  <testcase name="degToDmsTest(double, String)[8]" classname="taheoport.service.DataHandlerTest" time="0.001"/>
  <testcase name="degToDmsTest(double, String)[9]" classname="taheoport.service.DataHandlerTest" time="0.001"/>
  <testcase name="dmsToDegTest(String, double)[1]" classname="taheoport.service.DataHandlerTest" time="0.001"/>
  <testcase name="dmsToDegTest(String, double)[2]" classname="taheoport.service.DataHandlerTest" time="0.001"/>
  <testcase name="dmsToDegTest(String, double)[3]" classname="taheoport.service.DataHandlerTest" time="0.001"/>
  <testcase name="dmsToDegTest(String, double)[4]" classname="taheoport.service.DataHandlerTest" time="0.0"/>
  <testcase name="dmsToDegTest(String, double)[5]" classname="taheoport.service.DataHandlerTest" time="0.001"/>
  <testcase name="dmsToDegTest(String, double)[6]" classname="taheoport.service.DataHandlerTest" time="0.001"/>
  <testcase name="dmsToDegTest(String, double)[7]" classname="taheoport.service.DataHandlerTest" time="0.001"/>
  <testcase name="dmsToDegTest(String, double)[8]" classname="taheoport.service.DataHandlerTest" time="0.001"/>
  <testcase name="dmsToDegTest(String, double)[9]" classname="taheoport.service.DataHandlerTest" time="0.001"/>
  <testcase name="removeFirstZeroTest(String, String)[1]" classname="taheoport.service.DataHandlerTest" time="0.001"/>
  <testcase name="removeFirstZeroTest(String, String)[2]" classname="taheoport.service.DataHandlerTest" time="0.001"/>
  <testcase name="removeFirstZeroTest(String, String)[3]" classname="taheoport.service.DataHandlerTest" time="0.001"/>
  <testcase name="removeFirstZeroTest(String, String)[4]" classname="taheoport.service.DataHandlerTest" time="0.001"/>
  <testcase name="removeFirstZeroTest(String, String)[5]" classname="taheoport.service.DataHandlerTest" time="0.001"/>
  <testcase name="removeFirstZeroTest(String, String)[6]" classname="taheoport.service.DataHandlerTest" time="0.001"/>
  <testcase name="isValidNameFalse(String)[1]" classname="taheoport.service.DataHandlerTest" time="0.001"/>
  <testcase name="isValidNameFalse(String)[2]" classname="taheoport.service.DataHandlerTest" time="0.001"/>
  <testcase name="format(String, String, int)[1]" classname="taheoport.service.DataHandlerTest" time="0.001"/>
  <testcase name="format(String, String, int)[2]" classname="taheoport.service.DataHandlerTest" time="0.002"/>
  <testcase name="format(String, String, int)[3]" classname="taheoport.service.DataHandlerTest" time="0.001"/>
  <testcase name="format(String, String, int)[4]" classname="taheoport.service.DataHandlerTest" time="0.001"/>
  <testcase name="getDbl" classname="taheoport.service.DataHandlerTest" time="0.004"/>
  <testcase name="getStr" classname="taheoport.service.DataHandlerTest" time="0.0"/>
  <testcase name="toTable" classname="taheoport.service.DataHandlerTest" time="0.001"/>
  <testcase name="isValidNameTrue" classname="taheoport.service.DataHandlerTest" time="0.012"/>
  <testcase name="setStr" classname="taheoport.service.DataHandlerTest" time="0.001"/>
  <testcase name="zenithToVertTest(String, String)[1]" classname="taheoport.service.DataHandlerTest" time="0.002"/>
  <testcase name="zenithToVertTest(String, String)[2]" classname="taheoport.service.DataHandlerTest" time="0.001"/>
  <testcase name="zenithToVertTest(String, String)[3]" classname="taheoport.service.DataHandlerTest" time="0.001"/>
  <testcase name="zenithToVertTest(String, String)[4]" classname="taheoport.service.DataHandlerTest" time="0.001"/>
  <testcase name="isPositiveNumberTrue(String)[1]" classname="taheoport.service.DataHandlerTest" time="0.002"/>
  <testcase name="isPositiveNumberTrue(String)[2]" classname="taheoport.service.DataHandlerTest" time="0.001"/>
  <testcase name="isPositiveNumberTrue(String)[3]" classname="taheoport.service.DataHandlerTest" time="0.001"/>
  <testcase name="isPositiveNumberTrue(String)[4]" classname="taheoport.service.DataHandlerTest" time="0.002"/>
  <testcase name="isNumberTrueFalse(String)[1]" classname="taheoport.service.DataHandlerTest" time="0.001"/>
  <testcase name="isNumberTrueFalse(String)[2]" classname="taheoport.service.DataHandlerTest" time="0.001"/>
  <testcase name="isNumberTrueFalse(String)[3]" classname="taheoport.service.DataHandlerTest" time="0.001"/>
  <testcase name="isNumberTrueTest(String)[1]" classname="taheoport.service.DataHandlerTest" time="0.001"/>
  <testcase name="isNumberTrueTest(String)[2]" classname="taheoport.service.DataHandlerTest" time="0.001"/>
  <testcase name="isNumberTrueTest(String)[3]" classname="taheoport.service.DataHandlerTest" time="0.001"/>
  <testcase name="isNumberTrueTest(String)[4]" classname="taheoport.service.DataHandlerTest" time="0.0"/>
  <testcase name="isNumberTrueTest(String)[5]" classname="taheoport.service.DataHandlerTest" time="0.001"/>
  <testcase name="isNumberTrueTest(String)[6]" classname="taheoport.service.DataHandlerTest" time="0.001"/>
  <testcase name="isNumberTrueTest(String)[7]" classname="taheoport.service.DataHandlerTest" time="0.001"/>
  <testcase name="compress" classname="taheoport.service.DataHandlerTest" time="0.001"/>
  <testcase name="dmsToRad" classname="taheoport.service.DataHandlerTest" time="0.0"/>
  <testcase name="radToDms" classname="taheoport.service.DataHandlerTest" time="0.0"/>
  <testcase name="commaToPoint" classname="taheoport.service.DataHandlerTest" time="0.0"/>
  <testcase name="isPositiveNumberFalse(String)[1]" classname="taheoport.service.DataHandlerTest" time="0.001"/>
  <testcase name="isPositiveNumberFalse(String)[2]" classname="taheoport.service.DataHandlerTest" time="0.001"/>
  <testcase name="isPositiveNumberFalse(String)[3]" classname="taheoport.service.DataHandlerTest" time="0.001"/>
  <testcase name="setPointPosition" classname="taheoport.service.DataHandlerTest" time="0.0"/>
</testsuite>